<?xml version="1.0" encoding="UTF-8"?>
<testsuite name="com.example.messagingstompwebsocket.GreetingIntegrationTests" tests="1" skipped="0" failures="0" errors="0" timestamp="2022-06-01T16:04:59" hostname="msmolik-ThinkPad-T460" time="2.01">
  <properties/>
  <testcase name="getGreeting()" classname="com.example.messagingstompwebsocket.GreetingIntegrationTests" time="2.01"/>
  <system-out><![CDATA[18:04:54.179 [Test worker] DEBUG org.springframework.test.context.BootstrapUtils - Instantiating CacheAwareContextLoaderDelegate from class [org.springframework.test.context.cache.DefaultCacheAwareContextLoaderDelegate]
18:04:54.197 [Test worker] DEBUG org.springframework.test.context.BootstrapUtils - Instantiating BootstrapContext using constructor [public org.springframework.test.context.support.DefaultBootstrapContext(java.lang.Class,org.springframework.test.context.CacheAwareContextLoaderDelegate)]
18:04:54.245 [Test worker] DEBUG org.springframework.test.context.BootstrapUtils - Instantiating TestContextBootstrapper for test class [com.example.messagingstompwebsocket.GreetingIntegrationTests] from class [org.springframework.boot.test.context.SpringBootTestContextBootstrapper]
18:04:54.260 [Test worker] INFO org.springframework.boot.test.context.SpringBootTestContextBootstrapper - Neither @ContextConfiguration nor @ContextHierarchy found for test class [com.example.messagingstompwebsocket.GreetingIntegrationTests], using SpringBootContextLoader
18:04:54.264 [Test worker] DEBUG org.springframework.test.context.support.AbstractContextLoader - Did not detect default resource location for test class [com.example.messagingstompwebsocket.GreetingIntegrationTests]: class path resource [com/example/messagingstompwebsocket/GreetingIntegrationTests-context.xml] does not exist
18:04:54.265 [Test worker] DEBUG org.springframework.test.context.support.AbstractContextLoader - Did not detect default resource location for test class [com.example.messagingstompwebsocket.GreetingIntegrationTests]: class path resource [com/example/messagingstompwebsocket/GreetingIntegrationTestsContext.groovy] does not exist
18:04:54.265 [Test worker] INFO org.springframework.test.context.support.AbstractContextLoader - Could not detect default resource locations for test class [com.example.messagingstompwebsocket.GreetingIntegrationTests]: no resource found for suffixes {-context.xml, Context.groovy}.
18:04:54.266 [Test worker] DEBUG org.springframework.test.context.support.AnnotationConfigContextLoaderUtils - Ignoring class [com.example.messagingstompwebsocket.GreetingIntegrationTests$TestSessionHandler]; it must be static, non-private, non-final, and annotated with @Configuration to be considered a default configuration class.
18:04:54.267 [Test worker] INFO org.springframework.test.context.support.AnnotationConfigContextLoaderUtils - Could not detect default configuration classes for test class [com.example.messagingstompwebsocket.GreetingIntegrationTests]: GreetingIntegrationTests does not declare any static, non-private, non-final, nested classes annotated with @Configuration.
18:04:54.354 [Test worker] DEBUG org.springframework.test.context.support.ActiveProfilesUtils - Could not find an 'annotation declaring class' for annotation type [org.springframework.test.context.ActiveProfiles] and class [com.example.messagingstompwebsocket.GreetingIntegrationTests]
18:04:54.441 [Test worker] DEBUG org.springframework.context.annotation.ClassPathScanningCandidateComponentProvider - Identified candidate component class: file [/home/msmolik/IdeaProjects/react/ms7-codebase/apps/websocket-server/build/classes/java/main/com/example/messagingstompwebsocket/MessagingStompWebsocketApplication.class]
18:04:54.447 [Test worker] INFO org.springframework.boot.test.context.SpringBootTestContextBootstrapper - Found @SpringBootConfiguration com.example.messagingstompwebsocket.MessagingStompWebsocketApplication for test class com.example.messagingstompwebsocket.GreetingIntegrationTests
18:04:54.586 [Test worker] DEBUG org.springframework.boot.test.context.SpringBootTestContextBootstrapper - @TestExecutionListeners is not present for class [com.example.messagingstompwebsocket.GreetingIntegrationTests]: using defaults.
18:04:54.593 [Test worker] INFO org.springframework.boot.test.context.SpringBootTestContextBootstrapper - Loaded default TestExecutionListener class names from location [META-INF/spring.factories]: [org.springframework.boot.test.autoconfigure.restdocs.RestDocsTestExecutionListener, org.springframework.boot.test.autoconfigure.web.client.MockRestServiceServerResetTestExecutionListener, org.springframework.boot.test.autoconfigure.web.servlet.MockMvcPrintOnlyOnFailureTestExecutionListener, org.springframework.boot.test.autoconfigure.web.servlet.WebDriverTestExecutionListener, org.springframework.boot.test.autoconfigure.webservices.client.MockWebServiceServerTestExecutionListener, org.springframework.boot.test.mock.mockito.MockitoTestExecutionListener, org.springframework.boot.test.mock.mockito.ResetMocksTestExecutionListener, org.springframework.test.context.web.ServletTestExecutionListener, org.springframework.test.context.support.DirtiesContextBeforeModesTestExecutionListener, org.springframework.test.context.event.ApplicationEventsTestExecutionListener, org.springframework.test.context.support.DependencyInjectionTestExecutionListener, org.springframework.test.context.support.DirtiesContextTestExecutionListener, org.springframework.test.context.transaction.TransactionalTestExecutionListener, org.springframework.test.context.jdbc.SqlScriptsTestExecutionListener, org.springframework.test.context.event.EventPublishingTestExecutionListener]
18:04:54.625 [Test worker] DEBUG org.springframework.boot.test.context.SpringBootTestContextBootstrapper - Skipping candidate TestExecutionListener [org.springframework.test.context.transaction.TransactionalTestExecutionListener] due to a missing dependency. Specify custom listener classes or make the default listener classes and their required dependencies available. Offending class: [org/springframework/transaction/TransactionDefinition]
18:04:54.626 [Test worker] DEBUG org.springframework.boot.test.context.SpringBootTestContextBootstrapper - Skipping candidate TestExecutionListener [org.springframework.test.context.jdbc.SqlScriptsTestExecutionListener] due to a missing dependency. Specify custom listener classes or make the default listener classes and their required dependencies available. Offending class: [org/springframework/transaction/interceptor/TransactionAttribute]
18:04:54.627 [Test worker] INFO org.springframework.boot.test.context.SpringBootTestContextBootstrapper - Using TestExecutionListeners: [org.springframework.test.context.web.ServletTestExecutionListener@15de5df7, org.springframework.test.context.support.DirtiesContextBeforeModesTestExecutionListener@f67af4a, org.springframework.test.context.event.ApplicationEventsTestExecutionListener@4bc4cb01, org.springframework.boot.test.mock.mockito.MockitoTestExecutionListener@41d88be2, org.springframework.boot.test.autoconfigure.SpringBootDependencyInjectionTestExecutionListener@260e47cb, org.springframework.test.context.support.DirtiesContextTestExecutionListener@1421a1bf, org.springframework.test.context.event.EventPublishingTestExecutionListener@79d0fcf9, org.springframework.boot.test.autoconfigure.restdocs.RestDocsTestExecutionListener@7c52efba, org.springframework.boot.test.autoconfigure.web.client.MockRestServiceServerResetTestExecutionListener@2836cfe4, org.springframework.boot.test.autoconfigure.web.servlet.MockMvcPrintOnlyOnFailureTestExecutionListener@3103bf04, org.springframework.boot.test.autoconfigure.web.servlet.WebDriverTestExecutionListener@4fcabae9, org.springframework.boot.test.autoconfigure.webservices.client.MockWebServiceServerTestExecutionListener@240eb395, org.springframework.boot.test.mock.mockito.ResetMocksTestExecutionListener@3ad9111f]
18:04:54.633 [Test worker] DEBUG org.springframework.test.context.support.AbstractDirtiesContextTestExecutionListener - Before test class: context [DefaultTestContext@c443eb9 testClass = GreetingIntegrationTests, testInstance = [null], testMethod = [null], testException = [null], mergedContextConfiguration = [WebMergedContextConfiguration@5e10c9d3 testClass = GreetingIntegrationTests, locations = '{}', classes = '{class com.example.messagingstompwebsocket.MessagingStompWebsocketApplication}', contextInitializerClasses = '[]', activeProfiles = '{}', propertySourceLocations = '{}', propertySourceProperties = '{org.springframework.boot.test.context.SpringBootTestContextBootstrapper=true, server.port=0}', contextCustomizers = set[org.springframework.boot.test.autoconfigure.actuate.metrics.MetricsExportContextCustomizerFactory$DisableMetricExportContextCustomizer@6598bb04, org.springframework.boot.test.autoconfigure.properties.PropertyMappingContextCustomizer@0, org.springframework.boot.test.autoconfigure.web.servlet.WebDriverContextCustomizerFactory$Customizer@724430c1, org.springframework.boot.test.context.filter.ExcludeFilterContextCustomizer@404452a8, org.springframework.boot.test.json.DuplicateJsonObjectContextCustomizerFactory$DuplicateJsonObjectContextCustomizer@774f1bf7, org.springframework.boot.test.mock.mockito.MockitoContextCustomizer@0, org.springframework.boot.test.web.client.TestRestTemplateContextCustomizer@50f4a76d, org.springframework.boot.test.context.SpringBootTestArgs@1, org.springframework.boot.test.context.SpringBootTestWebEnvironment@4a67f18d], resourceBasePath = 'src/main/webapp', contextLoader = 'org.springframework.boot.test.context.SpringBootContextLoader', parent = [null]], attributes = map['org.springframework.test.context.web.ServletTestExecutionListener.activateListener' -> false]], class annotated with @DirtiesContext [false] with mode [null].
18:04:54.664 [Test worker] DEBUG org.springframework.test.context.support.DependencyInjectionTestExecutionListener - Performing dependency injection for test context [[DefaultTestContext@c443eb9 testClass = GreetingIntegrationTests, testInstance = com.example.messagingstompwebsocket.GreetingIntegrationTests@173c3775, testMethod = [null], testException = [null], mergedContextConfiguration = [WebMergedContextConfiguration@5e10c9d3 testClass = GreetingIntegrationTests, locations = '{}', classes = '{class com.example.messagingstompwebsocket.MessagingStompWebsocketApplication}', contextInitializerClasses = '[]', activeProfiles = '{}', propertySourceLocations = '{}', propertySourceProperties = '{org.springframework.boot.test.context.SpringBootTestContextBootstrapper=true, server.port=0}', contextCustomizers = set[org.springframework.boot.test.autoconfigure.actuate.metrics.MetricsExportContextCustomizerFactory$DisableMetricExportContextCustomizer@6598bb04, org.springframework.boot.test.autoconfigure.properties.PropertyMappingContextCustomizer@0, org.springframework.boot.test.autoconfigure.web.servlet.WebDriverContextCustomizerFactory$Customizer@724430c1, org.springframework.boot.test.context.filter.ExcludeFilterContextCustomizer@404452a8, org.springframework.boot.test.json.DuplicateJsonObjectContextCustomizerFactory$DuplicateJsonObjectContextCustomizer@774f1bf7, org.springframework.boot.test.mock.mockito.MockitoContextCustomizer@0, org.springframework.boot.test.web.client.TestRestTemplateContextCustomizer@50f4a76d, org.springframework.boot.test.context.SpringBootTestArgs@1, org.springframework.boot.test.context.SpringBootTestWebEnvironment@4a67f18d], resourceBasePath = 'src/main/webapp', contextLoader = 'org.springframework.boot.test.context.SpringBootContextLoader', parent = [null]], attributes = map['org.springframework.test.context.web.ServletTestExecutionListener.activateListener' -> false, 'org.springframework.test.context.event.ApplicationEventsTestExecutionListener.recordApplicationEvents' -> false]]].

  .   ____          _            __ _ _
 /\\ / ___'_ __ _ _(_)_ __  __ _ \ \ \ \
( ( )\___ | '_ | '_| | '_ \/ _` | \ \ \ \
 \\/  ___)| |_)| | | | | || (_| |  ) ) ) )
  '  |____| .__|_| |_|_| |_\__, | / / / /
 =========|_|==============|___/=/_/_/_/
 :: Spring Boot ::                (v2.6.3)

2022-06-01 18:04:55.335  INFO 128158 --- [    Test worker] c.e.m.GreetingIntegrationTests           : Starting GreetingIntegrationTests using Java 11.0.1 on msmolik-ThinkPad-T460 with PID 128158 (started by msmolik in /home/msmolik/IdeaProjects/react/ms7-codebase/apps/websocket-server)
2022-06-01 18:04:55.338  INFO 128158 --- [    Test worker] c.e.m.GreetingIntegrationTests           : No active profile set, falling back to default profiles: default
2022-06-01 18:04:56.983  INFO 128158 --- [    Test worker] o.s.b.w.embedded.tomcat.TomcatWebServer  : Tomcat initialized with port(s): 0 (http)
2022-06-01 18:04:57.001  INFO 128158 --- [    Test worker] o.apache.catalina.core.StandardService   : Starting service [Tomcat]
2022-06-01 18:04:57.002  INFO 128158 --- [    Test worker] org.apache.catalina.core.StandardEngine  : Starting Servlet engine: [Apache Tomcat/9.0.56]
2022-06-01 18:04:57.126  INFO 128158 --- [    Test worker] o.a.c.c.C.[Tomcat].[localhost].[/]       : Initializing Spring embedded WebApplicationContext
2022-06-01 18:04:57.126  INFO 128158 --- [    Test worker] w.s.c.ServletWebServerApplicationContext : Root WebApplicationContext: initialization completed in 1747 ms
2022-06-01 18:04:58.099  INFO 128158 --- [    Test worker] o.s.b.a.w.s.WelcomePageHandlerMapping    : Adding welcome page: class path resource [static/index.html]
2022-06-01 18:04:59.082  INFO 128158 --- [    Test worker] o.s.b.w.embedded.tomcat.TomcatWebServer  : Tomcat started on port(s): 40985 (http) with context path ''
2022-06-01 18:04:59.084  INFO 128158 --- [    Test worker] o.s.m.s.b.SimpleBrokerMessageHandler     : Starting...
2022-06-01 18:04:59.085  INFO 128158 --- [    Test worker] o.s.m.s.b.SimpleBrokerMessageHandler     : BrokerAvailabilityEvent[available=true, SimpleBrokerMessageHandler [org.springframework.messaging.simp.broker.DefaultSubscriptionRegistry@2a23aee]]
2022-06-01 18:04:59.085  INFO 128158 --- [    Test worker] o.s.m.s.b.SimpleBrokerMessageHandler     : Started.
2022-06-01 18:04:59.104  INFO 128158 --- [    Test worker] c.e.m.GreetingIntegrationTests           : Started GreetingIntegrationTests in 4.374 seconds (JVM running for 5.989)
2022-06-01 18:04:59.760  INFO 128158 --- [o-auto-1-exec-1] o.a.c.c.C.[Tomcat].[localhost].[/]       : Initializing Spring DispatcherServlet 'dispatcherServlet'
2022-06-01 18:04:59.760  INFO 128158 --- [o-auto-1-exec-1] o.s.web.servlet.DispatcherServlet        : Initializing Servlet 'dispatcherServlet'
2022-06-01 18:04:59.762  INFO 128158 --- [o-auto-1-exec-1] o.s.web.servlet.DispatcherServlet        : Completed initialization in 2 ms
]]></system-out>
  <system-err><![CDATA[]]></system-err>
</testsuite>
